::1 - - [27/Mar/2023:02:08:43 +0000] "GET / HTTP/1.1" 304 -
::1 - - [27/Mar/2023:02:08:51 +0000] "POST /signin HTTP/1.1" 200 773
::ffff:10.23.29.90 - - [27/Mar/2023:02:10:07 +0000] "GET / HTTP/1.1" 200 565
::ffff:10.23.29.90 - - [27/Mar/2023:02:10:08 +0000] "GET /favicon.ico HTTP/1.1" 404 14
::1 - - [27/Mar/2023:02:13:22 +0000] "GET /api-docs/ HTTP/1.1" 304 -
::1 - - [27/Mar/2023:02:13:22 +0000] "GET /api-docs/swagger-ui.css HTTP/1.1" 304 -
::1 - - [27/Mar/2023:02:13:22 +0000] "GET /api-docs/swagger-ui-bundle.js HTTP/1.1" 304 -
::1 - - [27/Mar/2023:02:13:22 +0000] "GET /api-docs/swagger-ui-standalone-preset.js HTTP/1.1" 304 -
::1 - - [27/Mar/2023:02:13:22 +0000] "GET /api-docs/swagger-ui-init.js HTTP/1.1" 304 -
::ffff:10.23.29.90 - - [27/Mar/2023:02:14:08 +0000] "GET / HTTP/1.1" 200 519
::ffff:10.23.29.90 - - [27/Mar/2023:02:14:11 +0000] "GET / HTTP/1.1" 304 -
::ffff:10.23.29.90 - - [27/Mar/2023:02:14:19 +0000] "POST /signin HTTP/1.1" 200 727
::1 - - [29/Mar/2023:02:13:16 +0000] "GET / HTTP/1.1" 200 519
::1 - - [29/Mar/2023:02:13:25 +0000] "POST /signin HTTP/1.1" 200 727
::1 - - [29/Mar/2023:02:13:30 +0000] "GET /api-docs/ HTTP/1.1" 304 -
::1 - - [29/Mar/2023:02:13:30 +0000] "GET /api-docs/swagger-ui.css HTTP/1.1" 304 -
::1 - - [29/Mar/2023:02:13:30 +0000] "GET /api-docs/swagger-ui-init.js HTTP/1.1" 304 -
::1 - - [29/Mar/2023:02:13:30 +0000] "GET /api-docs/swagger-ui-standalone-preset.js HTTP/1.1" 304 -
::1 - - [29/Mar/2023:02:13:30 +0000] "GET /api-docs/swagger-ui-bundle.js HTTP/1.1" 304 -
::1 - - [29/Mar/2023:02:14:10 +0000] "GET /exgm HTTP/1.1" 200 1198
::1 - - [29/Mar/2023:02:18:23 +0000] "GET /exgm HTTP/1.1" 304 -
::1 - - [29/Mar/2023:02:20:24 +0000] "GET / HTTP/1.1" 304 -
::1 - - [29/Mar/2023:02:20:30 +0000] "POST /signin HTTP/1.1" 200 727
::1 - - [29/Mar/2023:02:20:34 +0000] "GET /api-docs/ HTTP/1.1" 304 -
::1 - - [29/Mar/2023:02:20:34 +0000] "GET /api-docs/swagger-ui.css HTTP/1.1" 304 -
::1 - - [29/Mar/2023:02:20:34 +0000] "GET /api-docs/swagger-ui-bundle.js HTTP/1.1" 304 -
::1 - - [29/Mar/2023:02:20:34 +0000] "GET /api-docs/swagger-ui-init.js HTTP/1.1" 304 -
::1 - - [29/Mar/2023:02:20:34 +0000] "GET /api-docs/swagger-ui-standalone-preset.js HTTP/1.1" 304 -
::1 - - [29/Mar/2023:02:20:43 +0000] "GET /exgm HTTP/1.1" 304 -
::1 - - [29/Mar/2023:02:21:10 +0000] "GET /exgm HTTP/1.1" 304 -
::1 - - [29/Mar/2023:02:22:50 +0000] "GET /exgm HTTP/1.1" 304 -
::1 - - [29/Mar/2023:02:23:15 +0000] "GET /exgm HTTP/1.1" 304 -
::1 - - [29/Mar/2023:02:23:58 +0000] "GET /exgm HTTP/1.1" 304 -
::1 - - [29/Mar/2023:02:24:26 +0000] "GET /exgm HTTP/1.1" 304 -
::1 - - [29/Mar/2023:02:26:41 +0000] "GET /exgm HTTP/1.1" 401 12
::1 - - [29/Mar/2023:02:30:20 +0000] "GET /exgm HTTP/1.1" 401 12
::1 - - [29/Mar/2023:02:30:35 +0000] "GET /exgm HTTP/1.1" 304 -
::1 - - [29/Mar/2023:02:31:16 +0000] "GET /exgm HTTP/1.1" 304 -
::1 - - [29/Mar/2023:02:35:05 +0000] "GET /api-docs/ HTTP/1.1" 304 -
::1 - - [29/Mar/2023:02:35:05 +0000] "GET /api-docs/swagger-ui.css HTTP/1.1" 304 -
::1 - - [29/Mar/2023:02:35:05 +0000] "GET /api-docs/swagger-ui-bundle.js HTTP/1.1" 304 -
::1 - - [29/Mar/2023:02:35:05 +0000] "GET /api-docs/swagger-ui-init.js HTTP/1.1" 200 3029
::1 - - [29/Mar/2023:02:35:05 +0000] "GET /api-docs/swagger-ui-standalone-preset.js HTTP/1.1" 304 -
::1 - - [29/Mar/2023:02:35:05 +0000] "GET /api-docs/favicon-32x32.png HTTP/1.1" 304 -
::1 - - [29/Mar/2023:02:36:06 +0000] "GET /ews HTTP/1.1" 400 31
::1 - - [29/Mar/2023:02:36:37 +0000] "GET /ews HTTP/1.1" 400 -
::1 - - [29/Mar/2023:02:36:44 +0000] "GET /ews HTTP/1.1" 400 -
::1 - - [29/Mar/2023:02:36:54 +0000] "GET /ews HTTP/1.1" 400 31
::1 - - [29/Mar/2023:02:37:59 +0000] "GET /ews HTTP/1.1" 400 31
::1 - - [29/Mar/2023:02:38:05 +0000] "GET /api-docs/ HTTP/1.1" 304 -
::1 - - [29/Mar/2023:02:38:06 +0000] "GET /api-docs/swagger-ui.css HTTP/1.1" 304 -
::1 - - [29/Mar/2023:02:38:06 +0000] "GET /api-docs/swagger-ui-init.js HTTP/1.1" 200 3115
::1 - - [29/Mar/2023:02:38:06 +0000] "GET /api-docs/swagger-ui-bundle.js HTTP/1.1" 304 -
::1 - - [29/Mar/2023:02:38:06 +0000] "GET /api-docs/swagger-ui-standalone-preset.js HTTP/1.1" 304 -
::1 - - [29/Mar/2023:02:38:06 +0000] "GET /api-docs/favicon-32x32.png HTTP/1.1" 304 -
::1 - - [29/Mar/2023:02:38:17 +0000] "GET /ews HTTP/1.1" 400 31
::1 - - [29/Mar/2023:02:41:23 +0000] "GET /ews HTTP/1.1" 200 1198
::1 - - [29/Mar/2023:02:55:59 +0000] "GET / HTTP/1.1" 304 -
::1 - - [29/Mar/2023:02:56:06 +0000] "POST /signin HTTP/1.1" 200 727
::1 - - [29/Mar/2023:02:56:09 +0000] "GET /api-docs/ HTTP/1.1" 304 -
::1 - - [29/Mar/2023:02:56:09 +0000] "GET /api-docs/swagger-ui.css HTTP/1.1" 304 -
::1 - - [29/Mar/2023:02:56:09 +0000] "GET /api-docs/swagger-ui-bundle.js HTTP/1.1" 304 -
::1 - - [29/Mar/2023:02:56:09 +0000] "GET /api-docs/swagger-ui-standalone-preset.js HTTP/1.1" 304 -
::1 - - [29/Mar/2023:02:56:09 +0000] "GET /api-docs/swagger-ui-init.js HTTP/1.1" 304 -
::1 - - [29/Mar/2023:02:56:19 +0000] "GET /ews HTTP/1.1" 304 -
::1 - - [29/Mar/2023:03:37:56 +0000] "GET / HTTP/1.1" 200 519
